0 info it worked if it ends with ok
1 verbose cli [ '/usr/local/bin/node',
1 verbose cli   '/usr/local/bin/npm',
1 verbose cli   'run',
1 verbose cli   'livereload' ]
2 info using npm@3.4.0
3 info using node@v4.1.2
4 verbose run-script [ 'prelivereload', 'livereload', 'postlivereload' ]
5 info lifecycle ocularis@0.0.1~prelivereload: ocularis@0.0.1
6 silly lifecycle ocularis@0.0.1~prelivereload: no script for prelivereload, continuing
7 info lifecycle ocularis@0.0.1~livereload: ocularis@0.0.1
8 verbose lifecycle ocularis@0.0.1~livereload: unsafe-perm in lifecycle true
9 verbose lifecycle ocularis@0.0.1~livereload: PATH: /usr/local/lib/node_modules/npm/bin/node-gyp-bin:/Users/jakubkanitra/Documents/ocularis/node_modules/.bin:/Users/jakubkanitra/.rbenv/shims:/usr/local/bin:/usr/bin:/bin:/usr/sbin:/sbin
10 verbose lifecycle ocularis@0.0.1~livereload: CWD: /Users/jakubkanitra/Documents/ocularis
11 silly lifecycle ocularis@0.0.1~livereload: Args: [ '-c', './node_modules/bin/nodemon --watch public app.js' ]
12 info lifecycle ocularis@0.0.1~livereload: Failed to exec livereload script
13 verbose stack Error: ocularis@0.0.1 livereload: `./node_modules/bin/nodemon --watch public app.js`
13 verbose stack spawn ENOENT
13 verbose stack     at ChildProcess.<anonymous> (/usr/local/lib/node_modules/npm/lib/utils/spawn.js:17:16)
13 verbose stack     at emitTwo (events.js:87:13)
13 verbose stack     at ChildProcess.emit (events.js:172:7)
13 verbose stack     at maybeClose (internal/child_process.js:818:16)
13 verbose stack     at Process.ChildProcess._handle.onexit (internal/child_process.js:211:5)
14 verbose pkgid ocularis@0.0.1
15 verbose cwd /Users/jakubkanitra/Documents/ocularis
16 error Darwin 14.5.0
17 error argv "/usr/local/bin/node" "/usr/local/bin/npm" "run" "livereload"
18 error node v4.1.2
19 error npm  v3.4.0
20 error file sh
21 error code ELIFECYCLE
22 error errno ENOENT
23 error syscall spawn
24 error ocularis@0.0.1 livereload: `./node_modules/bin/nodemon --watch public app.js`
24 error spawn ENOENT
25 error Failed at the ocularis@0.0.1 livereload script './node_modules/bin/nodemon --watch public app.js'.
25 error Make sure you have the latest version of node.js and npm installed.
25 error If you do, this is most likely a problem with the ocularis package,
25 error not with npm itself.
25 error Tell the author that this fails on your system:
25 error     ./node_modules/bin/nodemon --watch public app.js
25 error You can get their info via:
25 error     npm owner ls ocularis
25 error There is likely additional logging output above.
26 verbose exit [ 1, true ]
