0 info it worked if it ends with ok
1 verbose cli [ '/usr/local/bin/node',
1 verbose cli   '/usr/local/bin/npm',
1 verbose cli   'install',
1 verbose cli   '--save',
1 verbose cli   'ocularis-cube' ]
2 info using npm@3.4.0
3 info using node@v4.1.2
4 silly loadCurrentTree Starting
5 silly install loadCurrentTree
6 silly install readLocalPackageData
7 silly fetchPackageMetaData ocularis-cube
8 silly fetchNamedPackageData ocularis-cube
9 silly mapToRegistry name ocularis-cube
10 silly mapToRegistry using default registry
11 silly mapToRegistry registry https://registry.npmjs.org/
12 silly mapToRegistry uri https://registry.npmjs.org/ocularis-cube
13 verbose request uri https://registry.npmjs.org/ocularis-cube
14 verbose request no auth needed
15 info attempt registry request try #1 at 12:12:44 PM
16 verbose request id d5f6bd192d8a2d56
17 verbose etag "CNE76AVUVBIALSBX8GQ2U7F4I"
18 http request GET https://registry.npmjs.org/ocularis-cube
19 http 304 https://registry.npmjs.org/ocularis-cube
20 verbose headers { date: 'Wed, 16 Mar 2016 11:12:45 GMT',
20 verbose headers   via: '1.1 varnish',
20 verbose headers   'cache-control': 'max-age=300',
20 verbose headers   etag: '"CNE76AVUVBIALSBX8GQ2U7F4I"',
20 verbose headers   age: '108',
20 verbose headers   connection: 'keep-alive',
20 verbose headers   'x-served-by': 'cache-fra1224-FRA',
20 verbose headers   'x-cache': 'HIT',
20 verbose headers   'x-cache-hits': '1',
20 verbose headers   'x-timer': 'S1458126765.710496,VS0,VE0',
20 verbose headers   vary: 'Accept' }
21 silly get cb [ 304,
21 silly get   { date: 'Wed, 16 Mar 2016 11:12:45 GMT',
21 silly get     via: '1.1 varnish',
21 silly get     'cache-control': 'max-age=300',
21 silly get     etag: '"CNE76AVUVBIALSBX8GQ2U7F4I"',
21 silly get     age: '108',
21 silly get     connection: 'keep-alive',
21 silly get     'x-served-by': 'cache-fra1224-FRA',
21 silly get     'x-cache': 'HIT',
21 silly get     'x-cache-hits': '1',
21 silly get     'x-timer': 'S1458126765.710496,VS0,VE0',
21 silly get     vary: 'Accept' } ]
22 verbose etag https://registry.npmjs.org/ocularis-cube from cache
23 verbose get saving ocularis-cube to /Users/jakubkanitra/.npm/registry.npmjs.org/ocularis-cube/.cache.json
24 silly install normalizeTree
25 silly loadCurrentTree Finishing
26 silly loadIdealTree Starting
27 silly install loadIdealTree
28 silly cloneCurrentTree Starting
29 silly install cloneCurrentTreeToIdealTree
30 silly cloneCurrentTree Finishing
31 silly loadShrinkwrap Starting
32 silly install loadShrinkwrap
33 silly loadShrinkwrap Finishing
34 silly loadAllDepsIntoIdealTree Starting
35 silly install loadAllDepsIntoIdealTree
36 silly resolveWithNewModule ocularis-cube@0.0.9 checking installable status
37 silly cache add args [ 'ocularis-cube', null ]
38 verbose cache add spec ocularis-cube
39 silly cache add parsed spec Result {
39 silly cache add   raw: 'ocularis-cube',
39 silly cache add   scope: null,
39 silly cache add   name: 'ocularis-cube',
39 silly cache add   rawSpec: '',
39 silly cache add   spec: '*',
39 silly cache add   type: 'range' }
40 silly addNamed ocularis-cube@*
41 verbose addNamed "*" is a valid semver range for ocularis-cube
42 silly addNameRange { name: 'ocularis-cube', range: '*', hasData: false }
43 silly mapToRegistry name ocularis-cube
44 silly mapToRegistry using default registry
45 silly mapToRegistry registry https://registry.npmjs.org/
46 silly mapToRegistry uri https://registry.npmjs.org/ocularis-cube
47 verbose addNameRange registry:https://registry.npmjs.org/ocularis-cube not in flight; fetching
48 verbose get https://registry.npmjs.org/ocularis-cube not expired, no request
49 silly addNameRange number 2 { name: 'ocularis-cube', range: '*', hasData: true }
50 silly addNameRange versions [ 'ocularis-cube',
50 silly addNameRange   [ '0.0.1',
50 silly addNameRange     '0.0.3',
50 silly addNameRange     '0.0.4',
50 silly addNameRange     '0.0.5',
50 silly addNameRange     '0.0.6',
50 silly addNameRange     '0.0.7',
50 silly addNameRange     '0.0.8',
50 silly addNameRange     '0.0.9' ] ]
51 silly addNamed ocularis-cube@0.0.9
52 verbose addNamed "0.0.9" is a plain semver version for ocularis-cube
53 silly cache afterAdd ocularis-cube@0.0.9
54 verbose afterAdd /Users/jakubkanitra/.npm/ocularis-cube/0.0.9/package/package.json not in flight; writing
55 verbose afterAdd /Users/jakubkanitra/.npm/ocularis-cube/0.0.9/package/package.json written
56 silly loadAllDepsIntoIdealTree Finishing
57 silly idealTree:prePrune ocularis-sandbox@1.0.0
57 silly idealTree:prePrune ├── async@1.5.2
57 silly idealTree:prePrune ├── ocularis-cube@0.0.9
57 silly idealTree:prePrune ├─┬ ocularis-pane@0.0.1
57 silly idealTree:prePrune │ ├── amdefine@1.0.0
57 silly idealTree:prePrune │ ├── ansi-regex@2.0.0
57 silly idealTree:prePrune │ ├── ansi-styles@2.2.0
57 silly idealTree:prePrune │ ├── anymatch@1.3.0
57 silly idealTree:prePrune │ ├── arr-diff@2.0.0
57 silly idealTree:prePrune │ ├── arr-flatten@1.0.1
57 silly idealTree:prePrune │ ├── array-find-index@1.0.1
57 silly idealTree:prePrune │ ├── array-uniq@1.0.2
57 silly idealTree:prePrune │ ├── array-unique@0.2.1
57 silly idealTree:prePrune │ ├── arrify@1.0.1
57 silly idealTree:prePrune │ ├── asn1@0.2.3
57 silly idealTree:prePrune │ ├── assert-plus@0.2.0
57 silly idealTree:prePrune │ ├── async-each@1.0.0
57 silly idealTree:prePrune │ ├── async@1.5.2
57 silly idealTree:prePrune │ ├── aws-sign2@0.6.0
57 silly idealTree:prePrune │ ├── aws4@1.3.2
57 silly idealTree:prePrune │ ├── babel-cli@6.6.5
57 silly idealTree:prePrune │ ├── babel-code-frame@6.7.2
57 silly idealTree:prePrune │ ├── babel-core@6.7.2
57 silly idealTree:prePrune │ ├── babel-generator@6.7.2
57 silly idealTree:prePrune │ ├── babel-helper-call-delegate@6.6.5
57 silly idealTree:prePrune │ ├── babel-helper-define-map@6.6.5
57 silly idealTree:prePrune │ ├── babel-helper-function-name@6.6.0
57 silly idealTree:prePrune │ ├── babel-helper-get-function-arity@6.6.5
57 silly idealTree:prePrune │ ├── babel-helper-hoist-variables@6.6.5
57 silly idealTree:prePrune │ ├── babel-helper-optimise-call-expression@6.6.0
57 silly idealTree:prePrune │ ├── babel-helper-regex@6.6.5
57 silly idealTree:prePrune │ ├── babel-helper-replace-supers@6.7.0
57 silly idealTree:prePrune │ ├── babel-helpers@6.6.0
57 silly idealTree:prePrune │ ├── babel-messages@6.7.2
57 silly idealTree:prePrune │ ├── babel-plugin-check-es2015-constants@6.7.2
57 silly idealTree:prePrune │ ├── babel-plugin-syntax-async-functions@6.5.0
57 silly idealTree:prePrune │ ├── babel-plugin-transform-es2015-arrow-functions@6.5.2
57 silly idealTree:prePrune │ ├── babel-plugin-transform-es2015-block-scoped-functions@6.6.5
57 silly idealTree:prePrune │ ├── babel-plugin-transform-es2015-block-scoping@6.7.1
57 silly idealTree:prePrune │ ├── babel-plugin-transform-es2015-classes@6.6.5
57 silly idealTree:prePrune │ ├── babel-plugin-transform-es2015-computed-properties@6.6.5
57 silly idealTree:prePrune │ ├── babel-plugin-transform-es2015-destructuring@6.6.5
57 silly idealTree:prePrune │ ├── babel-plugin-transform-es2015-duplicate-keys@6.6.4
57 silly idealTree:prePrune │ ├── babel-plugin-transform-es2015-for-of@6.6.0
57 silly idealTree:prePrune │ ├── babel-plugin-transform-es2015-function-name@6.5.0
57 silly idealTree:prePrune │ ├── babel-plugin-transform-es2015-literals@6.5.0
57 silly idealTree:prePrune │ ├── babel-plugin-transform-es2015-modules-commonjs@6.7.0
57 silly idealTree:prePrune │ ├── babel-plugin-transform-es2015-object-super@6.6.5
57 silly idealTree:prePrune │ ├── babel-plugin-transform-es2015-parameters@6.7.0
57 silly idealTree:prePrune │ ├── babel-plugin-transform-es2015-shorthand-properties@6.5.0
57 silly idealTree:prePrune │ ├── babel-plugin-transform-es2015-spread@6.6.5
57 silly idealTree:prePrune │ ├── babel-plugin-transform-es2015-sticky-regex@6.5.0
57 silly idealTree:prePrune │ ├── babel-plugin-transform-es2015-template-literals@6.6.5
57 silly idealTree:prePrune │ ├── babel-plugin-transform-es2015-typeof-symbol@6.6.0
57 silly idealTree:prePrune │ ├── babel-plugin-transform-es2015-unicode-regex@6.5.0
57 silly idealTree:prePrune │ ├── babel-plugin-transform-regenerator@6.6.5
57 silly idealTree:prePrune │ ├── babel-plugin-transform-strict-mode@6.6.5
57 silly idealTree:prePrune │ ├─┬ babel-polyfill@6.7.2
57 silly idealTree:prePrune │ │ └── core-js@2.2.0
57 silly idealTree:prePrune │ ├── babel-preset-es2015@6.6.0
57 silly idealTree:prePrune │ ├── babel-regenerator-runtime@6.5.0
57 silly idealTree:prePrune │ ├─┬ babel-register@6.7.2
57 silly idealTree:prePrune │ │ └── core-js@2.2.0
57 silly idealTree:prePrune │ ├── babel-runtime@5.8.35
57 silly idealTree:prePrune │ ├── babel-template@6.7.0
57 silly idealTree:prePrune │ ├── babel-traverse@6.7.3
57 silly idealTree:prePrune │ ├── babel-types@6.7.2
57 silly idealTree:prePrune │ ├── babylon@6.7.0
57 silly idealTree:prePrune │ ├── balanced-match@0.3.0
57 silly idealTree:prePrune │ ├── bin-version-check@2.1.0
57 silly idealTree:prePrune │ ├── bin-version@1.0.4
57 silly idealTree:prePrune │ ├── binary-extensions@1.4.0
57 silly idealTree:prePrune │ ├── bl@1.0.3
57 silly idealTree:prePrune │ ├── boom@2.10.1
57 silly idealTree:prePrune │ ├── brace-expansion@1.1.3
57 silly idealTree:prePrune │ ├── braces@1.8.3
57 silly idealTree:prePrune │ ├── builtin-modules@1.1.1
57 silly idealTree:prePrune │ ├── camelcase-keys@2.1.0
57 silly idealTree:prePrune │ ├── camelcase@2.1.1
57 silly idealTree:prePrune │ ├── caseless@0.11.0
57 silly idealTree:prePrune │ ├── chalk@1.1.1
57 silly idealTree:prePrune │ ├── chokidar@1.4.3
57 silly idealTree:prePrune │ ├── color-convert@1.0.0
57 silly idealTree:prePrune │ ├── combined-stream@1.0.5
57 silly idealTree:prePrune │ ├── commander@2.9.0
57 silly idealTree:prePrune │ ├── concat-map@0.0.1
57 silly idealTree:prePrune │ ├── convert-source-map@1.2.0
57 silly idealTree:prePrune │ ├── core-js@1.2.6
57 silly idealTree:prePrune │ ├── core-util-is@1.0.2
57 silly idealTree:prePrune │ ├── cryptiles@2.0.5
57 silly idealTree:prePrune │ ├─┬ dashdash@1.13.0
57 silly idealTree:prePrune │ │ └── assert-plus@1.0.0
57 silly idealTree:prePrune │ ├── debug@2.2.0
57 silly idealTree:prePrune │ ├── decamelize@1.2.0
57 silly idealTree:prePrune │ ├── delayed-stream@1.0.0
57 silly idealTree:prePrune │ ├── detect-indent@3.0.1
57 silly idealTree:prePrune │ ├── ecc-jsbn@0.1.1
57 silly idealTree:prePrune │ ├── error-ex@1.3.0
57 silly idealTree:prePrune │ ├── escape-string-regexp@1.0.5
57 silly idealTree:prePrune │ ├── esutils@2.0.2
57 silly idealTree:prePrune │ ├── expand-brackets@0.1.4
57 silly idealTree:prePrune │ ├── expand-range@1.8.1
57 silly idealTree:prePrune │ ├── extend@3.0.0
57 silly idealTree:prePrune │ ├── extglob@0.3.2
57 silly idealTree:prePrune │ ├── extsprintf@1.0.2
57 silly idealTree:prePrune │ ├── filename-regex@2.0.0
57 silly idealTree:prePrune │ ├── fill-range@2.2.3
57 silly idealTree:prePrune │ ├─┬ find-up@1.1.2
57 silly idealTree:prePrune │ │ └── path-exists@2.1.0
57 silly idealTree:prePrune │ ├── find-versions@1.2.1
57 silly idealTree:prePrune │ ├── for-in@0.1.4
57 silly idealTree:prePrune │ ├── for-own@0.1.3
57 silly idealTree:prePrune │ ├── forever-agent@0.6.1
57 silly idealTree:prePrune │ ├── form-data@1.0.0-rc4
57 silly idealTree:prePrune │ ├── fs-readdir-recursive@0.1.2
57 silly idealTree:prePrune │ ├─┬ fsevents@1.0.8
57 silly idealTree:prePrune │ │ ├── ansi-regex@2.0.0
57 silly idealTree:prePrune │ │ ├── ansi-styles@2.1.0
57 silly idealTree:prePrune │ │ ├── ansi@0.3.1
57 silly idealTree:prePrune │ │ ├── are-we-there-yet@1.0.6
57 silly idealTree:prePrune │ │ ├── asn1@0.2.3
57 silly idealTree:prePrune │ │ ├── assert-plus@0.2.0
57 silly idealTree:prePrune │ │ ├── async@1.5.2
57 silly idealTree:prePrune │ │ ├── aws-sign2@0.6.0
57 silly idealTree:prePrune │ │ ├─┬ aws4@1.2.1
57 silly idealTree:prePrune │ │ │ └── lru-cache@2.7.3
57 silly idealTree:prePrune │ │ ├── bl@1.0.2
57 silly idealTree:prePrune │ │ ├── block-stream@0.0.8
57 silly idealTree:prePrune │ │ ├── boom@2.10.1
57 silly idealTree:prePrune │ │ ├── caseless@0.11.0
57 silly idealTree:prePrune │ │ ├── chalk@1.1.1
57 silly idealTree:prePrune │ │ ├── combined-stream@1.0.5
57 silly idealTree:prePrune │ │ ├── commander@2.9.0
57 silly idealTree:prePrune │ │ ├── core-util-is@1.0.2
57 silly idealTree:prePrune │ │ ├── cryptiles@2.0.5
57 silly idealTree:prePrune │ │ ├── dashdash@1.12.2
57 silly idealTree:prePrune │ │ ├── debug@2.2.0
57 silly idealTree:prePrune │ │ ├── deep-extend@0.4.1
57 silly idealTree:prePrune │ │ ├── delayed-stream@1.0.0
57 silly idealTree:prePrune │ │ ├── delegates@1.0.0
57 silly idealTree:prePrune │ │ ├── ecc-jsbn@0.1.1
57 silly idealTree:prePrune │ │ ├── escape-string-regexp@1.0.4
57 silly idealTree:prePrune │ │ ├── extend@3.0.0
57 silly idealTree:prePrune │ │ ├── extsprintf@1.0.2
57 silly idealTree:prePrune │ │ ├── forever-agent@0.6.1
57 silly idealTree:prePrune │ │ ├── form-data@1.0.0-rc3
57 silly idealTree:prePrune │ │ ├─┬ fstream-ignore@1.0.3
57 silly idealTree:prePrune │ │ │ └─┬ minimatch@3.0.0
57 silly idealTree:prePrune │ │ │   └─┬ brace-expansion@1.1.2
57 silly idealTree:prePrune │ │ │     ├── balanced-match@0.3.0
57 silly idealTree:prePrune │ │ │     └── concat-map@0.0.1
57 silly idealTree:prePrune │ │ ├── fstream@1.0.8
57 silly idealTree:prePrune │ │ ├── gauge@1.2.5
57 silly idealTree:prePrune │ │ ├── generate-function@2.0.0
57 silly idealTree:prePrune │ │ ├── generate-object-property@1.2.0
57 silly idealTree:prePrune │ │ ├── graceful-fs@4.1.3
57 silly idealTree:prePrune │ │ ├── graceful-readlink@1.0.1
57 silly idealTree:prePrune │ │ ├── har-validator@2.0.6
57 silly idealTree:prePrune │ │ ├── has-ansi@2.0.0
57 silly idealTree:prePrune │ │ ├── has-unicode@2.0.0
57 silly idealTree:prePrune │ │ ├── hawk@3.1.3
57 silly idealTree:prePrune │ │ ├── hoek@2.16.3
57 silly idealTree:prePrune │ │ ├── http-signature@1.1.1
57 silly idealTree:prePrune │ │ ├── inherits@2.0.1
57 silly idealTree:prePrune │ │ ├── ini@1.3.4
57 silly idealTree:prePrune │ │ ├── is-my-json-valid@2.12.4
57 silly idealTree:prePrune │ │ ├── is-property@1.0.2
57 silly idealTree:prePrune │ │ ├── is-typedarray@1.0.0
57 silly idealTree:prePrune │ │ ├── isarray@0.0.1
57 silly idealTree:prePrune │ │ ├── isstream@0.1.2
57 silly idealTree:prePrune │ │ ├── jodid25519@1.0.2
57 silly idealTree:prePrune │ │ ├── jsbn@0.1.0
57 silly idealTree:prePrune │ │ ├── json-schema@0.2.2
57 silly idealTree:prePrune │ │ ├── json-stringify-safe@5.0.1
57 silly idealTree:prePrune │ │ ├── jsonpointer@2.0.0
57 silly idealTree:prePrune │ │ ├── jsprim@1.2.2
57 silly idealTree:prePrune │ │ ├── lodash._basetostring@3.0.1
57 silly idealTree:prePrune │ │ ├── lodash._createpadding@3.6.1
57 silly idealTree:prePrune │ │ ├── lodash._root@3.0.0
57 silly idealTree:prePrune │ │ ├── lodash.pad@3.3.0
57 silly idealTree:prePrune │ │ ├── lodash.padleft@3.1.1
57 silly idealTree:prePrune │ │ ├── lodash.padright@3.1.1
57 silly idealTree:prePrune │ │ ├── lodash.repeat@3.2.0
57 silly idealTree:prePrune │ │ ├── mime-db@1.21.0
57 silly idealTree:prePrune │ │ ├── mime-types@2.1.9
57 silly idealTree:prePrune │ │ ├── minimist@0.0.8
57 silly idealTree:prePrune │ │ ├── mkdirp@0.5.1
57 silly idealTree:prePrune │ │ ├── ms@0.7.1
57 silly idealTree:prePrune │ │ ├─┬ node-pre-gyp@0.6.21
57 silly idealTree:prePrune │ │ │ └─┬ nopt@3.0.6
57 silly idealTree:prePrune │ │ │   └── abbrev@1.0.7
57 silly idealTree:prePrune │ │ ├── node-uuid@1.4.7
57 silly idealTree:prePrune │ │ ├── npmlog@2.0.2
57 silly idealTree:prePrune │ │ ├── oauth-sign@0.8.1
57 silly idealTree:prePrune │ │ ├── once@1.3.3
57 silly idealTree:prePrune │ │ ├── pinkie-promise@2.0.0
57 silly idealTree:prePrune │ │ ├── pinkie@2.0.4
57 silly idealTree:prePrune │ │ ├── process-nextick-args@1.0.6
57 silly idealTree:prePrune │ │ ├── qs@6.0.2
57 silly idealTree:prePrune │ │ ├─┬ rc@1.1.6
57 silly idealTree:prePrune │ │ │ └── minimist@1.2.0
57 silly idealTree:prePrune │ │ ├── readable-stream@2.0.5
57 silly idealTree:prePrune │ │ ├── request@2.69.0
57 silly idealTree:prePrune │ │ ├─┬ rimraf@2.5.1
57 silly idealTree:prePrune │ │ │ └─┬ glob@6.0.4
57 silly idealTree:prePrune │ │ │   ├─┬ inflight@1.0.4
57 silly idealTree:prePrune │ │ │   │ └── wrappy@1.0.1
57 silly idealTree:prePrune │ │ │   ├── inherits@2.0.1
57 silly idealTree:prePrune │ │ │   ├─┬ minimatch@3.0.0
57 silly idealTree:prePrune │ │ │   │ └─┬ brace-expansion@1.1.2
57 silly idealTree:prePrune │ │ │   │   ├── balanced-match@0.3.0
57 silly idealTree:prePrune │ │ │   │   └── concat-map@0.0.1
57 silly idealTree:prePrune │ │ │   ├─┬ once@1.3.3
57 silly idealTree:prePrune │ │ │   │ └── wrappy@1.0.1
57 silly idealTree:prePrune │ │ │   └── path-is-absolute@1.0.0
57 silly idealTree:prePrune │ │ ├── semver@5.1.0
57 silly idealTree:prePrune │ │ ├── sntp@1.0.9
57 silly idealTree:prePrune │ │ ├── sshpk@1.7.3
57 silly idealTree:prePrune │ │ ├── string_decoder@0.10.31
57 silly idealTree:prePrune │ │ ├── stringstream@0.0.5
57 silly idealTree:prePrune │ │ ├── strip-ansi@3.0.0
57 silly idealTree:prePrune │ │ ├── strip-json-comments@1.0.4
57 silly idealTree:prePrune │ │ ├── supports-color@2.0.0
57 silly idealTree:prePrune │ │ ├── tar-pack@3.1.3
57 silly idealTree:prePrune │ │ ├── tar@2.2.1
57 silly idealTree:prePrune │ │ ├── tough-cookie@2.2.1
57 silly idealTree:prePrune │ │ ├── tunnel-agent@0.4.2
57 silly idealTree:prePrune │ │ ├── tweetnacl@0.13.3
57 silly idealTree:prePrune │ │ ├── uid-number@0.0.6
57 silly idealTree:prePrune │ │ ├── util-deprecate@1.0.2
57 silly idealTree:prePrune │ │ ├── verror@1.3.6
57 silly idealTree:prePrune │ │ ├── wrappy@1.0.1
57 silly idealTree:prePrune │ │ └── xtend@4.0.1
57 silly idealTree:prePrune │ ├── generate-function@2.0.0
57 silly idealTree:prePrune │ ├── generate-object-property@1.2.0
57 silly idealTree:prePrune │ ├── get-stdin@4.0.1
57 silly idealTree:prePrune │ ├── glob-base@0.3.0
57 silly idealTree:prePrune │ ├── glob-parent@2.0.0
57 silly idealTree:prePrune │ ├── glob@5.0.15
57 silly idealTree:prePrune │ ├── globals@8.18.0
57 silly idealTree:prePrune │ ├── graceful-fs@4.1.3
57 silly idealTree:prePrune │ ├── graceful-readlink@1.0.1
57 silly idealTree:prePrune │ ├── har-validator@2.0.6
57 silly idealTree:prePrune │ ├── has-ansi@2.0.0
57 silly idealTree:prePrune │ ├── hawk@3.1.3
57 silly idealTree:prePrune │ ├── hoek@2.16.3
57 silly idealTree:prePrune │ ├── home-or-tmp@1.0.0
57 silly idealTree:prePrune │ ├── hosted-git-info@2.1.4
57 silly idealTree:prePrune │ ├── http-signature@1.1.1
57 silly idealTree:prePrune │ ├─┬ indent-string@2.1.0
57 silly idealTree:prePrune │ │ └── repeating@2.0.0
57 silly idealTree:prePrune │ ├── inflight@1.0.4
57 silly idealTree:prePrune │ ├── inherits@2.0.1
57 silly idealTree:prePrune │ ├── invariant@2.2.1
57 silly idealTree:prePrune │ ├── is-arrayish@0.2.1
57 silly idealTree:prePrune │ ├── is-binary-path@1.0.1
57 silly idealTree:prePrune │ ├── is-buffer@1.1.3
57 silly idealTree:prePrune │ ├── is-builtin-module@1.0.0
57 silly idealTree:prePrune │ ├── is-dotfile@1.0.2
57 silly idealTree:prePrune │ ├── is-equal-shallow@0.1.3
57 silly idealTree:prePrune │ ├── is-extendable@0.1.1
57 silly idealTree:prePrune │ ├── is-extglob@1.0.0
57 silly idealTree:prePrune │ ├── is-finite@1.0.1
57 silly idealTree:prePrune │ ├── is-glob@2.0.1
57 silly idealTree:prePrune │ ├── is-integer@1.0.6
57 silly idealTree:prePrune │ ├── is-my-json-valid@2.13.1
57 silly idealTree:prePrune │ ├── is-number@2.1.0
57 silly idealTree:prePrune │ ├── is-primitive@2.0.0
57 silly idealTree:prePrune │ ├── is-property@1.0.2
57 silly idealTree:prePrune │ ├── is-typedarray@1.0.0
57 silly idealTree:prePrune │ ├── is-utf8@0.2.1
57 silly idealTree:prePrune │ ├── isarray@0.0.1
57 silly idealTree:prePrune │ ├── isobject@2.0.0
57 silly idealTree:prePrune │ ├── isstream@0.1.2
57 silly idealTree:prePrune │ ├── jodid25519@1.0.2
57 silly idealTree:prePrune │ ├── js-tokens@1.0.2
57 silly idealTree:prePrune │ ├── jsbn@0.1.0
57 silly idealTree:prePrune │ ├── jsesc@0.5.0
57 silly idealTree:prePrune │ ├── json-schema@0.2.2
57 silly idealTree:prePrune │ ├── json-stringify-safe@5.0.1
57 silly idealTree:prePrune │ ├── json5@0.4.0
57 silly idealTree:prePrune │ ├── jsonpointer@2.0.0
57 silly idealTree:prePrune │ ├── jsprim@1.2.2
57 silly idealTree:prePrune │ ├── kind-of@3.0.2
57 silly idealTree:prePrune │ ├── left-pad@0.0.3
57 silly idealTree:prePrune │ ├── line-numbers@0.2.0
57 silly idealTree:prePrune │ ├── load-json-file@1.1.0
57 silly idealTree:prePrune │ ├── lodash@3.10.1
57 silly idealTree:prePrune │ ├── log-symbols@1.0.2
57 silly idealTree:prePrune │ ├── loose-envify@1.1.0
57 silly idealTree:prePrune │ ├── loud-rejection@1.3.0
57 silly idealTree:prePrune │ ├── lru-cache@4.0.0
57 silly idealTree:prePrune │ ├── map-obj@1.0.1
57 silly idealTree:prePrune │ ├── meow@3.7.0
57 silly idealTree:prePrune │ ├── micromatch@2.3.7
57 silly idealTree:prePrune │ ├── mime-db@1.22.0
57 silly idealTree:prePrune │ ├── mime-types@2.1.10
57 silly idealTree:prePrune │ ├── minimatch@2.0.10
57 silly idealTree:prePrune │ ├── minimist@1.2.0
57 silly idealTree:prePrune │ ├─┬ mkdirp@0.5.1
57 silly idealTree:prePrune │ │ └── minimist@0.0.8
57 silly idealTree:prePrune │ ├── ms@0.7.1
57 silly idealTree:prePrune │ ├── nan@2.2.0
57 silly idealTree:prePrune │ ├── node-uuid@1.4.7
57 silly idealTree:prePrune │ ├── normalize-package-data@2.3.5
57 silly idealTree:prePrune │ ├── normalize-path@2.0.1
57 silly idealTree:prePrune │ ├── number-is-nan@1.0.0
57 silly idealTree:prePrune │ ├── oauth-sign@0.8.1
57 silly idealTree:prePrune │ ├── object-assign@4.0.1
57 silly idealTree:prePrune │ ├── object.omit@2.0.0
57 silly idealTree:prePrune │ ├── once@1.3.3
57 silly idealTree:prePrune │ ├── os-tmpdir@1.0.1
57 silly idealTree:prePrune │ ├── output-file-sync@1.1.1
57 silly idealTree:prePrune │ ├── parse-glob@3.0.4
57 silly idealTree:prePrune │ ├── parse-json@2.2.0
57 silly idealTree:prePrune │ ├── path-exists@1.0.0
57 silly idealTree:prePrune │ ├── path-is-absolute@1.0.0
57 silly idealTree:prePrune │ ├── path-type@1.1.0
57 silly idealTree:prePrune │ ├── pify@2.3.0
57 silly idealTree:prePrune │ ├── pinkie-promise@2.0.0
57 silly idealTree:prePrune │ ├── pinkie@2.0.4
57 silly idealTree:prePrune │ ├── preserve@0.2.0
57 silly idealTree:prePrune │ ├── private@0.1.6
57 silly idealTree:prePrune │ ├── process-nextick-args@1.0.6
57 silly idealTree:prePrune │ ├── pseudomap@1.0.2
57 silly idealTree:prePrune │ ├── qs@6.0.2
57 silly idealTree:prePrune │ ├── randomatic@1.1.5
57 silly idealTree:prePrune │ ├── read-pkg-up@1.0.1
57 silly idealTree:prePrune │ ├── read-pkg@1.1.0
57 silly idealTree:prePrune │ ├─┬ readable-stream@2.0.6
57 silly idealTree:prePrune │ │ └── isarray@1.0.0
57 silly idealTree:prePrune │ ├── readdirp@2.0.0
57 silly idealTree:prePrune │ ├── redent@1.0.0
57 silly idealTree:prePrune │ ├── regenerate@1.2.1
57 silly idealTree:prePrune │ ├── regex-cache@0.4.2
57 silly idealTree:prePrune │ ├── regexpu-core@1.0.0
57 silly idealTree:prePrune │ ├── regjsgen@0.2.0
57 silly idealTree:prePrune │ ├── regjsparser@0.1.5
57 silly idealTree:prePrune │ ├── repeat-element@1.1.2
57 silly idealTree:prePrune │ ├── repeat-string@1.5.4
57 silly idealTree:prePrune │ ├── repeating@1.1.3
57 silly idealTree:prePrune │ ├── request@2.69.0
57 silly idealTree:prePrune │ ├─┬ rollup@0.24.1
57 silly idealTree:prePrune │ │ ├── source-map-support@0.3.3
57 silly idealTree:prePrune │ │ └── source-map@0.1.32
57 silly idealTree:prePrune │ ├── semver-regex@1.0.0
57 silly idealTree:prePrune │ ├─┬ semver-truncate@1.1.0
57 silly idealTree:prePrune │ │ └── semver@5.1.0
57 silly idealTree:prePrune │ ├── semver@4.3.6
57 silly idealTree:prePrune │ ├── shebang-regex@1.0.0
57 silly idealTree:prePrune │ ├── signal-exit@2.1.2
57 silly idealTree:prePrune │ ├── slash@1.0.0
57 silly idealTree:prePrune │ ├── sntp@1.0.9
57 silly idealTree:prePrune │ ├─┬ source-map-support@0.2.10
57 silly idealTree:prePrune │ │ └── source-map@0.1.32
57 silly idealTree:prePrune │ ├── source-map@0.5.3
57 silly idealTree:prePrune │ ├── spdx-correct@1.0.2
57 silly idealTree:prePrune │ ├── spdx-exceptions@1.0.4
57 silly idealTree:prePrune │ ├── spdx-expression-parse@1.0.2
57 silly idealTree:prePrune │ ├── spdx-license-ids@1.2.0
57 silly idealTree:prePrune │ ├── sshpk@1.7.4
57 silly idealTree:prePrune │ ├── string_decoder@0.10.31
57 silly idealTree:prePrune │ ├── stringstream@0.0.5
57 silly idealTree:prePrune │ ├── strip-ansi@3.0.1
57 silly idealTree:prePrune │ ├── strip-bom@2.0.0
57 silly idealTree:prePrune │ ├── strip-indent@1.0.1
57 silly idealTree:prePrune │ ├── supports-color@2.0.0
57 silly idealTree:prePrune │ ├── to-fast-properties@1.0.1
57 silly idealTree:prePrune │ ├── tough-cookie@2.2.2
57 silly idealTree:prePrune │ ├── trim-newlines@1.0.0
57 silly idealTree:prePrune │ ├── trim-right@1.0.1
57 silly idealTree:prePrune │ ├── tunnel-agent@0.4.2
57 silly idealTree:prePrune │ ├── tweetnacl@0.14.1
57 silly idealTree:prePrune │ ├── user-home@1.1.1
57 silly idealTree:prePrune │ ├── util-deprecate@1.0.2
57 silly idealTree:prePrune │ ├── v8flags@2.0.11
57 silly idealTree:prePrune │ ├── validate-npm-package-license@3.0.1
57 silly idealTree:prePrune │ ├── verror@1.3.6
57 silly idealTree:prePrune │ ├── wrappy@1.0.1
57 silly idealTree:prePrune │ ├── xtend@4.0.1
57 silly idealTree:prePrune │ └── yallist@2.0.0
57 silly idealTree:prePrune └── underscore@1.8.3
58 silly loadIdealTree Finishing
59 silly currentTree ocularis-sandbox@1.0.0
59 silly currentTree ├── async@1.5.2
59 silly currentTree ├─┬ ocularis-pane@0.0.1
59 silly currentTree │ ├── amdefine@1.0.0
59 silly currentTree │ ├── ansi-regex@2.0.0
59 silly currentTree │ ├── ansi-styles@2.2.0
59 silly currentTree │ ├── anymatch@1.3.0
59 silly currentTree │ ├── arr-diff@2.0.0
59 silly currentTree │ ├── arr-flatten@1.0.1
59 silly currentTree │ ├── array-find-index@1.0.1
59 silly currentTree │ ├── array-uniq@1.0.2
59 silly currentTree │ ├── array-unique@0.2.1
59 silly currentTree │ ├── arrify@1.0.1
59 silly currentTree │ ├── asn1@0.2.3
59 silly currentTree │ ├── assert-plus@0.2.0
59 silly currentTree │ ├── async-each@1.0.0
59 silly currentTree │ ├── async@1.5.2
59 silly currentTree │ ├── aws-sign2@0.6.0
59 silly currentTree │ ├── aws4@1.3.2
59 silly currentTree │ ├── babel-cli@6.6.5
59 silly currentTree │ ├── babel-code-frame@6.7.2
59 silly currentTree │ ├── babel-core@6.7.2
59 silly currentTree │ ├── babel-generator@6.7.2
59 silly currentTree │ ├── babel-helper-call-delegate@6.6.5
59 silly currentTree │ ├── babel-helper-define-map@6.6.5
59 silly currentTree │ ├── babel-helper-function-name@6.6.0
59 silly currentTree │ ├── babel-helper-get-function-arity@6.6.5
59 silly currentTree │ ├── babel-helper-hoist-variables@6.6.5
59 silly currentTree │ ├── babel-helper-optimise-call-expression@6.6.0
59 silly currentTree │ ├── babel-helper-regex@6.6.5
59 silly currentTree │ ├── babel-helper-replace-supers@6.7.0
59 silly currentTree │ ├── babel-helpers@6.6.0
59 silly currentTree │ ├── babel-messages@6.7.2
59 silly currentTree │ ├── babel-plugin-check-es2015-constants@6.7.2
59 silly currentTree │ ├── babel-plugin-syntax-async-functions@6.5.0
59 silly currentTree │ ├── babel-plugin-transform-es2015-arrow-functions@6.5.2
59 silly currentTree │ ├── babel-plugin-transform-es2015-block-scoped-functions@6.6.5
59 silly currentTree │ ├── babel-plugin-transform-es2015-block-scoping@6.7.1
59 silly currentTree │ ├── babel-plugin-transform-es2015-classes@6.6.5
59 silly currentTree │ ├── babel-plugin-transform-es2015-computed-properties@6.6.5
59 silly currentTree │ ├── babel-plugin-transform-es2015-destructuring@6.6.5
59 silly currentTree │ ├── babel-plugin-transform-es2015-duplicate-keys@6.6.4
59 silly currentTree │ ├── babel-plugin-transform-es2015-for-of@6.6.0
59 silly currentTree │ ├── babel-plugin-transform-es2015-function-name@6.5.0
59 silly currentTree │ ├── babel-plugin-transform-es2015-literals@6.5.0
59 silly currentTree │ ├── babel-plugin-transform-es2015-modules-commonjs@6.7.0
59 silly currentTree │ ├── babel-plugin-transform-es2015-object-super@6.6.5
59 silly currentTree │ ├── babel-plugin-transform-es2015-parameters@6.7.0
59 silly currentTree │ ├── babel-plugin-transform-es2015-shorthand-properties@6.5.0
59 silly currentTree │ ├── babel-plugin-transform-es2015-spread@6.6.5
59 silly currentTree │ ├── babel-plugin-transform-es2015-sticky-regex@6.5.0
59 silly currentTree │ ├── babel-plugin-transform-es2015-template-literals@6.6.5
59 silly currentTree │ ├── babel-plugin-transform-es2015-typeof-symbol@6.6.0
59 silly currentTree │ ├── babel-plugin-transform-es2015-unicode-regex@6.5.0
59 silly currentTree │ ├── babel-plugin-transform-regenerator@6.6.5
59 silly currentTree │ ├── babel-plugin-transform-strict-mode@6.6.5
59 silly currentTree │ ├─┬ babel-polyfill@6.7.2
59 silly currentTree │ │ └── core-js@2.2.0
59 silly currentTree │ ├── babel-preset-es2015@6.6.0
59 silly currentTree │ ├── babel-regenerator-runtime@6.5.0
59 silly currentTree │ ├─┬ babel-register@6.7.2
59 silly currentTree │ │ └── core-js@2.2.0
59 silly currentTree │ ├── babel-runtime@5.8.35
59 silly currentTree │ ├── babel-template@6.7.0
59 silly currentTree │ ├── babel-traverse@6.7.3
59 silly currentTree │ ├── babel-types@6.7.2
59 silly currentTree │ ├── babylon@6.7.0
59 silly currentTree │ ├── balanced-match@0.3.0
59 silly currentTree │ ├── bin-version-check@2.1.0
59 silly currentTree │ ├── bin-version@1.0.4
59 silly currentTree │ ├── binary-extensions@1.4.0
59 silly currentTree │ ├── bl@1.0.3
59 silly currentTree │ ├── boom@2.10.1
59 silly currentTree │ ├── brace-expansion@1.1.3
59 silly currentTree │ ├── braces@1.8.3
59 silly currentTree │ ├── builtin-modules@1.1.1
59 silly currentTree │ ├── camelcase-keys@2.1.0
59 silly currentTree │ ├── camelcase@2.1.1
59 silly currentTree │ ├── caseless@0.11.0
59 silly currentTree │ ├── chalk@1.1.1
59 silly currentTree │ ├── chokidar@1.4.3
59 silly currentTree │ ├── color-convert@1.0.0
59 silly currentTree │ ├── combined-stream@1.0.5
59 silly currentTree │ ├── commander@2.9.0
59 silly currentTree │ ├── concat-map@0.0.1
59 silly currentTree │ ├── convert-source-map@1.2.0
59 silly currentTree │ ├── core-js@1.2.6
59 silly currentTree │ ├── core-util-is@1.0.2
59 silly currentTree │ ├── cryptiles@2.0.5
59 silly currentTree │ ├─┬ dashdash@1.13.0
59 silly currentTree │ │ └── assert-plus@1.0.0
59 silly currentTree │ ├── debug@2.2.0
59 silly currentTree │ ├── decamelize@1.2.0
59 silly currentTree │ ├── delayed-stream@1.0.0
59 silly currentTree │ ├── detect-indent@3.0.1
59 silly currentTree │ ├── ecc-jsbn@0.1.1
59 silly currentTree │ ├── error-ex@1.3.0
59 silly currentTree │ ├── escape-string-regexp@1.0.5
59 silly currentTree │ ├── esutils@2.0.2
59 silly currentTree │ ├── expand-brackets@0.1.4
59 silly currentTree │ ├── expand-range@1.8.1
59 silly currentTree │ ├── extend@3.0.0
59 silly currentTree │ ├── extglob@0.3.2
59 silly currentTree │ ├── extsprintf@1.0.2
59 silly currentTree │ ├── filename-regex@2.0.0
59 silly currentTree │ ├── fill-range@2.2.3
59 silly currentTree │ ├─┬ find-up@1.1.2
59 silly currentTree │ │ └── path-exists@2.1.0
59 silly currentTree │ ├── find-versions@1.2.1
59 silly currentTree │ ├── for-in@0.1.4
59 silly currentTree │ ├── for-own@0.1.3
59 silly currentTree │ ├── forever-agent@0.6.1
59 silly currentTree │ ├── form-data@1.0.0-rc4
59 silly currentTree │ ├── fs-readdir-recursive@0.1.2
59 silly currentTree │ ├─┬ fsevents@1.0.8
59 silly currentTree │ │ ├── ansi-regex@2.0.0
59 silly currentTree │ │ ├── ansi-styles@2.1.0
59 silly currentTree │ │ ├── ansi@0.3.1
59 silly currentTree │ │ ├── are-we-there-yet@1.0.6
59 silly currentTree │ │ ├── asn1@0.2.3
59 silly currentTree │ │ ├── assert-plus@0.2.0
59 silly currentTree │ │ ├── async@1.5.2
59 silly currentTree │ │ ├── aws-sign2@0.6.0
59 silly currentTree │ │ ├─┬ aws4@1.2.1
59 silly currentTree │ │ │ └── lru-cache@2.7.3
59 silly currentTree │ │ ├── bl@1.0.2
59 silly currentTree │ │ ├── block-stream@0.0.8
59 silly currentTree │ │ ├── boom@2.10.1
59 silly currentTree │ │ ├── caseless@0.11.0
59 silly currentTree │ │ ├── chalk@1.1.1
59 silly currentTree │ │ ├── combined-stream@1.0.5
59 silly currentTree │ │ ├── commander@2.9.0
59 silly currentTree │ │ ├── core-util-is@1.0.2
59 silly currentTree │ │ ├── cryptiles@2.0.5
59 silly currentTree │ │ ├── dashdash@1.12.2
59 silly currentTree │ │ ├── debug@2.2.0
59 silly currentTree │ │ ├── deep-extend@0.4.1
59 silly currentTree │ │ ├── delayed-stream@1.0.0
59 silly currentTree │ │ ├── delegates@1.0.0
59 silly currentTree │ │ ├── ecc-jsbn@0.1.1
59 silly currentTree │ │ ├── escape-string-regexp@1.0.4
59 silly currentTree │ │ ├── extend@3.0.0
59 silly currentTree │ │ ├── extsprintf@1.0.2
59 silly currentTree │ │ ├── forever-agent@0.6.1
59 silly currentTree │ │ ├── form-data@1.0.0-rc3
59 silly currentTree │ │ ├─┬ fstream-ignore@1.0.3
59 silly currentTree │ │ │ └─┬ minimatch@3.0.0
59 silly currentTree │ │ │   └─┬ brace-expansion@1.1.2
59 silly currentTree │ │ │     ├── balanced-match@0.3.0
59 silly currentTree │ │ │     └── concat-map@0.0.1
59 silly currentTree │ │ ├── fstream@1.0.8
59 silly currentTree │ │ ├── gauge@1.2.5
59 silly currentTree │ │ ├── generate-function@2.0.0
59 silly currentTree │ │ ├── generate-object-property@1.2.0
59 silly currentTree │ │ ├── graceful-fs@4.1.3
59 silly currentTree │ │ ├── graceful-readlink@1.0.1
59 silly currentTree │ │ ├── har-validator@2.0.6
59 silly currentTree │ │ ├── has-ansi@2.0.0
59 silly currentTree │ │ ├── has-unicode@2.0.0
59 silly currentTree │ │ ├── hawk@3.1.3
59 silly currentTree │ │ ├── hoek@2.16.3
59 silly currentTree │ │ ├── http-signature@1.1.1
59 silly currentTree │ │ ├── inherits@2.0.1
59 silly currentTree │ │ ├── ini@1.3.4
59 silly currentTree │ │ ├── is-my-json-valid@2.12.4
59 silly currentTree │ │ ├── is-property@1.0.2
59 silly currentTree │ │ ├── is-typedarray@1.0.0
59 silly currentTree │ │ ├── isarray@0.0.1
59 silly currentTree │ │ ├── isstream@0.1.2
59 silly currentTree │ │ ├── jodid25519@1.0.2
59 silly currentTree │ │ ├── jsbn@0.1.0
59 silly currentTree │ │ ├── json-schema@0.2.2
59 silly currentTree │ │ ├── json-stringify-safe@5.0.1
59 silly currentTree │ │ ├── jsonpointer@2.0.0
59 silly currentTree │ │ ├── jsprim@1.2.2
59 silly currentTree │ │ ├── lodash._basetostring@3.0.1
59 silly currentTree │ │ ├── lodash._createpadding@3.6.1
59 silly currentTree │ │ ├── lodash._root@3.0.0
59 silly currentTree │ │ ├── lodash.pad@3.3.0
59 silly currentTree │ │ ├── lodash.padleft@3.1.1
59 silly currentTree │ │ ├── lodash.padright@3.1.1
59 silly currentTree │ │ ├── lodash.repeat@3.2.0
59 silly currentTree │ │ ├── mime-db@1.21.0
59 silly currentTree │ │ ├── mime-types@2.1.9
59 silly currentTree │ │ ├── minimist@0.0.8
59 silly currentTree │ │ ├── mkdirp@0.5.1
59 silly currentTree │ │ ├── ms@0.7.1
59 silly currentTree │ │ ├─┬ node-pre-gyp@0.6.21
59 silly currentTree │ │ │ └─┬ nopt@3.0.6
59 silly currentTree │ │ │   └── abbrev@1.0.7
59 silly currentTree │ │ ├── node-uuid@1.4.7
59 silly currentTree │ │ ├── npmlog@2.0.2
59 silly currentTree │ │ ├── oauth-sign@0.8.1
59 silly currentTree │ │ ├── once@1.3.3
59 silly currentTree │ │ ├── pinkie-promise@2.0.0
59 silly currentTree │ │ ├── pinkie@2.0.4
59 silly currentTree │ │ ├── process-nextick-args@1.0.6
59 silly currentTree │ │ ├── qs@6.0.2
59 silly currentTree │ │ ├─┬ rc@1.1.6
59 silly currentTree │ │ │ └── minimist@1.2.0
59 silly currentTree │ │ ├── readable-stream@2.0.5
59 silly currentTree │ │ ├── request@2.69.0
59 silly currentTree │ │ ├─┬ rimraf@2.5.1
59 silly currentTree │ │ │ └─┬ glob@6.0.4
59 silly currentTree │ │ │   ├─┬ inflight@1.0.4
59 silly currentTree │ │ │   │ └── wrappy@1.0.1
59 silly currentTree │ │ │   ├── inherits@2.0.1
59 silly currentTree │ │ │   ├─┬ minimatch@3.0.0
59 silly currentTree │ │ │   │ └─┬ brace-expansion@1.1.2
59 silly currentTree │ │ │   │   ├── balanced-match@0.3.0
59 silly currentTree │ │ │   │   └── concat-map@0.0.1
59 silly currentTree │ │ │   ├─┬ once@1.3.3
59 silly currentTree │ │ │   │ └── wrappy@1.0.1
59 silly currentTree │ │ │   └── path-is-absolute@1.0.0
59 silly currentTree │ │ ├── semver@5.1.0
59 silly currentTree │ │ ├── sntp@1.0.9
59 silly currentTree │ │ ├── sshpk@1.7.3
59 silly currentTree │ │ ├── string_decoder@0.10.31
59 silly currentTree │ │ ├── stringstream@0.0.5
59 silly currentTree │ │ ├── strip-ansi@3.0.0
59 silly currentTree │ │ ├── strip-json-comments@1.0.4
59 silly currentTree │ │ ├── supports-color@2.0.0
59 silly currentTree │ │ ├── tar-pack@3.1.3
59 silly currentTree │ │ ├── tar@2.2.1
59 silly currentTree │ │ ├── tough-cookie@2.2.1
59 silly currentTree │ │ ├── tunnel-agent@0.4.2
59 silly currentTree │ │ ├── tweetnacl@0.13.3
59 silly currentTree │ │ ├── uid-number@0.0.6
59 silly currentTree │ │ ├── util-deprecate@1.0.2
59 silly currentTree │ │ ├── verror@1.3.6
59 silly currentTree │ │ ├── wrappy@1.0.1
59 silly currentTree │ │ └── xtend@4.0.1
59 silly currentTree │ ├── generate-function@2.0.0
59 silly currentTree │ ├── generate-object-property@1.2.0
59 silly currentTree │ ├── get-stdin@4.0.1
59 silly currentTree │ ├── glob-base@0.3.0
59 silly currentTree │ ├── glob-parent@2.0.0
59 silly currentTree │ ├── glob@5.0.15
59 silly currentTree │ ├── globals@8.18.0
59 silly currentTree │ ├── graceful-fs@4.1.3
59 silly currentTree │ ├── graceful-readlink@1.0.1
59 silly currentTree │ ├── har-validator@2.0.6
59 silly currentTree │ ├── has-ansi@2.0.0
59 silly currentTree │ ├── hawk@3.1.3
59 silly currentTree │ ├── hoek@2.16.3
59 silly currentTree │ ├── home-or-tmp@1.0.0
59 silly currentTree │ ├── hosted-git-info@2.1.4
59 silly currentTree │ ├── http-signature@1.1.1
59 silly currentTree │ ├─┬ indent-string@2.1.0
59 silly currentTree │ │ └── repeating@2.0.0
59 silly currentTree │ ├── inflight@1.0.4
59 silly currentTree │ ├── inherits@2.0.1
59 silly currentTree │ ├── invariant@2.2.1
59 silly currentTree │ ├── is-arrayish@0.2.1
59 silly currentTree │ ├── is-binary-path@1.0.1
59 silly currentTree │ ├── is-buffer@1.1.3
59 silly currentTree │ ├── is-builtin-module@1.0.0
59 silly currentTree │ ├── is-dotfile@1.0.2
59 silly currentTree │ ├── is-equal-shallow@0.1.3
59 silly currentTree │ ├── is-extendable@0.1.1
59 silly currentTree │ ├── is-extglob@1.0.0
59 silly currentTree │ ├── is-finite@1.0.1
59 silly currentTree │ ├── is-glob@2.0.1
59 silly currentTree │ ├── is-integer@1.0.6
59 silly currentTree │ ├── is-my-json-valid@2.13.1
59 silly currentTree │ ├── is-number@2.1.0
59 silly currentTree │ ├── is-primitive@2.0.0
59 silly currentTree │ ├── is-property@1.0.2
59 silly currentTree │ ├── is-typedarray@1.0.0
59 silly currentTree │ ├── is-utf8@0.2.1
59 silly currentTree │ ├── isarray@0.0.1
59 silly currentTree │ ├── isobject@2.0.0
59 silly currentTree │ ├── isstream@0.1.2
59 silly currentTree │ ├── jodid25519@1.0.2
59 silly currentTree │ ├── js-tokens@1.0.2
59 silly currentTree │ ├── jsbn@0.1.0
59 silly currentTree │ ├── jsesc@0.5.0
59 silly currentTree │ ├── json-schema@0.2.2
59 silly currentTree │ ├── json-stringify-safe@5.0.1
59 silly currentTree │ ├── json5@0.4.0
59 silly currentTree │ ├── jsonpointer@2.0.0
59 silly currentTree │ ├── jsprim@1.2.2
59 silly currentTree │ ├── kind-of@3.0.2
59 silly currentTree │ ├── left-pad@0.0.3
59 silly currentTree │ ├── line-numbers@0.2.0
59 silly currentTree │ ├── load-json-file@1.1.0
59 silly currentTree │ ├── lodash@3.10.1
59 silly currentTree │ ├── log-symbols@1.0.2
59 silly currentTree │ ├── loose-envify@1.1.0
59 silly currentTree │ ├── loud-rejection@1.3.0
59 silly currentTree │ ├── lru-cache@4.0.0
59 silly currentTree │ ├── map-obj@1.0.1
59 silly currentTree │ ├── meow@3.7.0
59 silly currentTree │ ├── micromatch@2.3.7
59 silly currentTree │ ├── mime-db@1.22.0
59 silly currentTree │ ├── mime-types@2.1.10
59 silly currentTree │ ├── minimatch@2.0.10
59 silly currentTree │ ├── minimist@1.2.0
59 silly currentTree │ ├─┬ mkdirp@0.5.1
59 silly currentTree │ │ └── minimist@0.0.8
59 silly currentTree │ ├── ms@0.7.1
59 silly currentTree │ ├── nan@2.2.0
59 silly currentTree │ ├── node-uuid@1.4.7
59 silly currentTree │ ├── normalize-package-data@2.3.5
59 silly currentTree │ ├── normalize-path@2.0.1
59 silly currentTree │ ├── number-is-nan@1.0.0
59 silly currentTree │ ├── oauth-sign@0.8.1
59 silly currentTree │ ├── object-assign@4.0.1
59 silly currentTree │ ├── object.omit@2.0.0
59 silly currentTree │ ├── once@1.3.3
59 silly currentTree │ ├── os-tmpdir@1.0.1
59 silly currentTree │ ├── output-file-sync@1.1.1
59 silly currentTree │ ├── parse-glob@3.0.4
59 silly currentTree │ ├── parse-json@2.2.0
59 silly currentTree │ ├── path-exists@1.0.0
59 silly currentTree │ ├── path-is-absolute@1.0.0
59 silly currentTree │ ├── path-type@1.1.0
59 silly currentTree │ ├── pify@2.3.0
59 silly currentTree │ ├── pinkie-promise@2.0.0
59 silly currentTree │ ├── pinkie@2.0.4
59 silly currentTree │ ├── preserve@0.2.0
59 silly currentTree │ ├── private@0.1.6
59 silly currentTree │ ├── process-nextick-args@1.0.6
59 silly currentTree │ ├── pseudomap@1.0.2
59 silly currentTree │ ├── qs@6.0.2
59 silly currentTree │ ├── randomatic@1.1.5
59 silly currentTree │ ├── read-pkg-up@1.0.1
59 silly currentTree │ ├── read-pkg@1.1.0
59 silly currentTree │ ├─┬ readable-stream@2.0.6
59 silly currentTree │ │ └── isarray@1.0.0
59 silly currentTree │ ├── readdirp@2.0.0
59 silly currentTree │ ├── redent@1.0.0
59 silly currentTree │ ├── regenerate@1.2.1
59 silly currentTree │ ├── regex-cache@0.4.2
59 silly currentTree │ ├── regexpu-core@1.0.0
59 silly currentTree │ ├── regjsgen@0.2.0
59 silly currentTree │ ├── regjsparser@0.1.5
59 silly currentTree │ ├── repeat-element@1.1.2
59 silly currentTree │ ├── repeat-string@1.5.4
59 silly currentTree │ ├── repeating@1.1.3
59 silly currentTree │ ├── request@2.69.0
59 silly currentTree │ ├─┬ rollup@0.24.1
59 silly currentTree │ │ ├── source-map-support@0.3.3
59 silly currentTree │ │ └── source-map@0.1.32
59 silly currentTree │ ├── semver-regex@1.0.0
59 silly currentTree │ ├─┬ semver-truncate@1.1.0
59 silly currentTree │ │ └── semver@5.1.0
59 silly currentTree │ ├── semver@4.3.6
59 silly currentTree │ ├── shebang-regex@1.0.0
59 silly currentTree │ ├── signal-exit@2.1.2
59 silly currentTree │ ├── slash@1.0.0
59 silly currentTree │ ├── sntp@1.0.9
59 silly currentTree │ ├─┬ source-map-support@0.2.10
59 silly currentTree │ │ └── source-map@0.1.32
59 silly currentTree │ ├── source-map@0.5.3
59 silly currentTree │ ├── spdx-correct@1.0.2
59 silly currentTree │ ├── spdx-exceptions@1.0.4
59 silly currentTree │ ├── spdx-expression-parse@1.0.2
59 silly currentTree │ ├── spdx-license-ids@1.2.0
59 silly currentTree │ ├── sshpk@1.7.4
59 silly currentTree │ ├── string_decoder@0.10.31
59 silly currentTree │ ├── stringstream@0.0.5
59 silly currentTree │ ├── strip-ansi@3.0.1
59 silly currentTree │ ├── strip-bom@2.0.0
59 silly currentTree │ ├── strip-indent@1.0.1
59 silly currentTree │ ├── supports-color@2.0.0
59 silly currentTree │ ├── to-fast-properties@1.0.1
59 silly currentTree │ ├── tough-cookie@2.2.2
59 silly currentTree │ ├── trim-newlines@1.0.0
59 silly currentTree │ ├── trim-right@1.0.1
59 silly currentTree │ ├── tunnel-agent@0.4.2
59 silly currentTree │ ├── tweetnacl@0.14.1
59 silly currentTree │ ├── user-home@1.1.1
59 silly currentTree │ ├── util-deprecate@1.0.2
59 silly currentTree │ ├── v8flags@2.0.11
59 silly currentTree │ ├── validate-npm-package-license@3.0.1
59 silly currentTree │ ├── verror@1.3.6
59 silly currentTree │ ├── wrappy@1.0.1
59 silly currentTree │ ├── xtend@4.0.1
59 silly currentTree │ └── yallist@2.0.0
59 silly currentTree └── underscore@1.8.3
60 silly idealTree ocularis-sandbox@1.0.0
60 silly idealTree ├── async@1.5.2
60 silly idealTree ├── ocularis-cube@0.0.9
60 silly idealTree ├─┬ ocularis-pane@0.0.1
60 silly idealTree │ ├── amdefine@1.0.0
60 silly idealTree │ ├── ansi-regex@2.0.0
60 silly idealTree │ ├── ansi-styles@2.2.0
60 silly idealTree │ ├── anymatch@1.3.0
60 silly idealTree │ ├── arr-diff@2.0.0
60 silly idealTree │ ├── arr-flatten@1.0.1
60 silly idealTree │ ├── array-find-index@1.0.1
60 silly idealTree │ ├── array-uniq@1.0.2
60 silly idealTree │ ├── array-unique@0.2.1
60 silly idealTree │ ├── arrify@1.0.1
60 silly idealTree │ ├── asn1@0.2.3
60 silly idealTree │ ├── assert-plus@0.2.0
60 silly idealTree │ ├── async-each@1.0.0
60 silly idealTree │ ├── async@1.5.2
60 silly idealTree │ ├── aws-sign2@0.6.0
60 silly idealTree │ ├── aws4@1.3.2
60 silly idealTree │ ├── babel-cli@6.6.5
60 silly idealTree │ ├── babel-code-frame@6.7.2
60 silly idealTree │ ├── babel-core@6.7.2
60 silly idealTree │ ├── babel-generator@6.7.2
60 silly idealTree │ ├── babel-helper-call-delegate@6.6.5
60 silly idealTree │ ├── babel-helper-define-map@6.6.5
60 silly idealTree │ ├── babel-helper-function-name@6.6.0
60 silly idealTree │ ├── babel-helper-get-function-arity@6.6.5
60 silly idealTree │ ├── babel-helper-hoist-variables@6.6.5
60 silly idealTree │ ├── babel-helper-optimise-call-expression@6.6.0
60 silly idealTree │ ├── babel-helper-regex@6.6.5
60 silly idealTree │ ├── babel-helper-replace-supers@6.7.0
60 silly idealTree │ ├── babel-helpers@6.6.0
60 silly idealTree │ ├── babel-messages@6.7.2
60 silly idealTree │ ├── babel-plugin-check-es2015-constants@6.7.2
60 silly idealTree │ ├── babel-plugin-syntax-async-functions@6.5.0
60 silly idealTree │ ├── babel-plugin-transform-es2015-arrow-functions@6.5.2
60 silly idealTree │ ├── babel-plugin-transform-es2015-block-scoped-functions@6.6.5
60 silly idealTree │ ├── babel-plugin-transform-es2015-block-scoping@6.7.1
60 silly idealTree │ ├── babel-plugin-transform-es2015-classes@6.6.5
60 silly idealTree │ ├── babel-plugin-transform-es2015-computed-properties@6.6.5
60 silly idealTree │ ├── babel-plugin-transform-es2015-destructuring@6.6.5
60 silly idealTree │ ├── babel-plugin-transform-es2015-duplicate-keys@6.6.4
60 silly idealTree │ ├── babel-plugin-transform-es2015-for-of@6.6.0
60 silly idealTree │ ├── babel-plugin-transform-es2015-function-name@6.5.0
60 silly idealTree │ ├── babel-plugin-transform-es2015-literals@6.5.0
60 silly idealTree │ ├── babel-plugin-transform-es2015-modules-commonjs@6.7.0
60 silly idealTree │ ├── babel-plugin-transform-es2015-object-super@6.6.5
60 silly idealTree │ ├── babel-plugin-transform-es2015-parameters@6.7.0
60 silly idealTree │ ├── babel-plugin-transform-es2015-shorthand-properties@6.5.0
60 silly idealTree │ ├── babel-plugin-transform-es2015-spread@6.6.5
60 silly idealTree │ ├── babel-plugin-transform-es2015-sticky-regex@6.5.0
60 silly idealTree │ ├── babel-plugin-transform-es2015-template-literals@6.6.5
60 silly idealTree │ ├── babel-plugin-transform-es2015-typeof-symbol@6.6.0
60 silly idealTree │ ├── babel-plugin-transform-es2015-unicode-regex@6.5.0
60 silly idealTree │ ├── babel-plugin-transform-regenerator@6.6.5
60 silly idealTree │ ├── babel-plugin-transform-strict-mode@6.6.5
60 silly idealTree │ ├─┬ babel-polyfill@6.7.2
60 silly idealTree │ │ └── core-js@2.2.0
60 silly idealTree │ ├── babel-preset-es2015@6.6.0
60 silly idealTree │ ├── babel-regenerator-runtime@6.5.0
60 silly idealTree │ ├─┬ babel-register@6.7.2
60 silly idealTree │ │ └── core-js@2.2.0
60 silly idealTree │ ├── babel-runtime@5.8.35
60 silly idealTree │ ├── babel-template@6.7.0
60 silly idealTree │ ├── babel-traverse@6.7.3
60 silly idealTree │ ├── babel-types@6.7.2
60 silly idealTree │ ├── babylon@6.7.0
60 silly idealTree │ ├── balanced-match@0.3.0
60 silly idealTree │ ├── bin-version-check@2.1.0
60 silly idealTree │ ├── bin-version@1.0.4
60 silly idealTree │ ├── binary-extensions@1.4.0
60 silly idealTree │ ├── bl@1.0.3
60 silly idealTree │ ├── boom@2.10.1
60 silly idealTree │ ├── brace-expansion@1.1.3
60 silly idealTree │ ├── braces@1.8.3
60 silly idealTree │ ├── builtin-modules@1.1.1
60 silly idealTree │ ├── camelcase-keys@2.1.0
60 silly idealTree │ ├── camelcase@2.1.1
60 silly idealTree │ ├── caseless@0.11.0
60 silly idealTree │ ├── chalk@1.1.1
60 silly idealTree │ ├── chokidar@1.4.3
60 silly idealTree │ ├── color-convert@1.0.0
60 silly idealTree │ ├── combined-stream@1.0.5
60 silly idealTree │ ├── commander@2.9.0
60 silly idealTree │ ├── concat-map@0.0.1
60 silly idealTree │ ├── convert-source-map@1.2.0
60 silly idealTree │ ├── core-js@1.2.6
60 silly idealTree │ ├── core-util-is@1.0.2
60 silly idealTree │ ├── cryptiles@2.0.5
60 silly idealTree │ ├─┬ dashdash@1.13.0
60 silly idealTree │ │ └── assert-plus@1.0.0
60 silly idealTree │ ├── debug@2.2.0
60 silly idealTree │ ├── decamelize@1.2.0
60 silly idealTree │ ├── delayed-stream@1.0.0
60 silly idealTree │ ├── detect-indent@3.0.1
60 silly idealTree │ ├── ecc-jsbn@0.1.1
60 silly idealTree │ ├── error-ex@1.3.0
60 silly idealTree │ ├── escape-string-regexp@1.0.5
60 silly idealTree │ ├── esutils@2.0.2
60 silly idealTree │ ├── expand-brackets@0.1.4
60 silly idealTree │ ├── expand-range@1.8.1
60 silly idealTree │ ├── extend@3.0.0
60 silly idealTree │ ├── extglob@0.3.2
60 silly idealTree │ ├── extsprintf@1.0.2
60 silly idealTree │ ├── filename-regex@2.0.0
60 silly idealTree │ ├── fill-range@2.2.3
60 silly idealTree │ ├─┬ find-up@1.1.2
60 silly idealTree │ │ └── path-exists@2.1.0
60 silly idealTree │ ├── find-versions@1.2.1
60 silly idealTree │ ├── for-in@0.1.4
60 silly idealTree │ ├── for-own@0.1.3
60 silly idealTree │ ├── forever-agent@0.6.1
60 silly idealTree │ ├── form-data@1.0.0-rc4
60 silly idealTree │ ├── fs-readdir-recursive@0.1.2
60 silly idealTree │ ├─┬ fsevents@1.0.8
60 silly idealTree │ │ ├── ansi-regex@2.0.0
60 silly idealTree │ │ ├── ansi-styles@2.1.0
60 silly idealTree │ │ ├── ansi@0.3.1
60 silly idealTree │ │ ├── are-we-there-yet@1.0.6
60 silly idealTree │ │ ├── asn1@0.2.3
60 silly idealTree │ │ ├── assert-plus@0.2.0
60 silly idealTree │ │ ├── async@1.5.2
60 silly idealTree │ │ ├── aws-sign2@0.6.0
60 silly idealTree │ │ ├─┬ aws4@1.2.1
60 silly idealTree │ │ │ └── lru-cache@2.7.3
60 silly idealTree │ │ ├── bl@1.0.2
60 silly idealTree │ │ ├── block-stream@0.0.8
60 silly idealTree │ │ ├── boom@2.10.1
60 silly idealTree │ │ ├── caseless@0.11.0
60 silly idealTree │ │ ├── chalk@1.1.1
60 silly idealTree │ │ ├── combined-stream@1.0.5
60 silly idealTree │ │ ├── commander@2.9.0
60 silly idealTree │ │ ├── core-util-is@1.0.2
60 silly idealTree │ │ ├── cryptiles@2.0.5
60 silly idealTree │ │ ├── dashdash@1.12.2
60 silly idealTree │ │ ├── debug@2.2.0
60 silly idealTree │ │ ├── deep-extend@0.4.1
60 silly idealTree │ │ ├── delayed-stream@1.0.0
60 silly idealTree │ │ ├── delegates@1.0.0
60 silly idealTree │ │ ├── ecc-jsbn@0.1.1
60 silly idealTree │ │ ├── escape-string-regexp@1.0.4
60 silly idealTree │ │ ├── extend@3.0.0
60 silly idealTree │ │ ├── extsprintf@1.0.2
60 silly idealTree │ │ ├── forever-agent@0.6.1
60 silly idealTree │ │ ├── form-data@1.0.0-rc3
60 silly idealTree │ │ ├─┬ fstream-ignore@1.0.3
60 silly idealTree │ │ │ └─┬ minimatch@3.0.0
60 silly idealTree │ │ │   └─┬ brace-expansion@1.1.2
60 silly idealTree │ │ │     ├── balanced-match@0.3.0
60 silly idealTree │ │ │     └── concat-map@0.0.1
60 silly idealTree │ │ ├── fstream@1.0.8
60 silly idealTree │ │ ├── gauge@1.2.5
60 silly idealTree │ │ ├── generate-function@2.0.0
60 silly idealTree │ │ ├── generate-object-property@1.2.0
60 silly idealTree │ │ ├── graceful-fs@4.1.3
60 silly idealTree │ │ ├── graceful-readlink@1.0.1
60 silly idealTree │ │ ├── har-validator@2.0.6
60 silly idealTree │ │ ├── has-ansi@2.0.0
60 silly idealTree │ │ ├── has-unicode@2.0.0
60 silly idealTree │ │ ├── hawk@3.1.3
60 silly idealTree │ │ ├── hoek@2.16.3
60 silly idealTree │ │ ├── http-signature@1.1.1
60 silly idealTree │ │ ├── inherits@2.0.1
60 silly idealTree │ │ ├── ini@1.3.4
60 silly idealTree │ │ ├── is-my-json-valid@2.12.4
60 silly idealTree │ │ ├── is-property@1.0.2
60 silly idealTree │ │ ├── is-typedarray@1.0.0
60 silly idealTree │ │ ├── isarray@0.0.1
60 silly idealTree │ │ ├── isstream@0.1.2
60 silly idealTree │ │ ├── jodid25519@1.0.2
60 silly idealTree │ │ ├── jsbn@0.1.0
60 silly idealTree │ │ ├── json-schema@0.2.2
60 silly idealTree │ │ ├── json-stringify-safe@5.0.1
60 silly idealTree │ │ ├── jsonpointer@2.0.0
60 silly idealTree │ │ ├── jsprim@1.2.2
60 silly idealTree │ │ ├── lodash._basetostring@3.0.1
60 silly idealTree │ │ ├── lodash._createpadding@3.6.1
60 silly idealTree │ │ ├── lodash._root@3.0.0
60 silly idealTree │ │ ├── lodash.pad@3.3.0
60 silly idealTree │ │ ├── lodash.padleft@3.1.1
60 silly idealTree │ │ ├── lodash.padright@3.1.1
60 silly idealTree │ │ ├── lodash.repeat@3.2.0
60 silly idealTree │ │ ├── mime-db@1.21.0
60 silly idealTree │ │ ├── mime-types@2.1.9
60 silly idealTree │ │ ├── minimist@0.0.8
60 silly idealTree │ │ ├── mkdirp@0.5.1
60 silly idealTree │ │ ├── ms@0.7.1
60 silly idealTree │ │ ├─┬ node-pre-gyp@0.6.21
60 silly idealTree │ │ │ └─┬ nopt@3.0.6
60 silly idealTree │ │ │   └── abbrev@1.0.7
60 silly idealTree │ │ ├── node-uuid@1.4.7
60 silly idealTree │ │ ├── npmlog@2.0.2
60 silly idealTree │ │ ├── oauth-sign@0.8.1
60 silly idealTree │ │ ├── once@1.3.3
60 silly idealTree │ │ ├── pinkie-promise@2.0.0
60 silly idealTree │ │ ├── pinkie@2.0.4
60 silly idealTree │ │ ├── process-nextick-args@1.0.6
60 silly idealTree │ │ ├── qs@6.0.2
60 silly idealTree │ │ ├─┬ rc@1.1.6
60 silly idealTree │ │ │ └── minimist@1.2.0
60 silly idealTree │ │ ├── readable-stream@2.0.5
60 silly idealTree │ │ ├── request@2.69.0
60 silly idealTree │ │ ├─┬ rimraf@2.5.1
60 silly idealTree │ │ │ └─┬ glob@6.0.4
60 silly idealTree │ │ │   ├─┬ inflight@1.0.4
60 silly idealTree │ │ │   │ └── wrappy@1.0.1
60 silly idealTree │ │ │   ├── inherits@2.0.1
60 silly idealTree │ │ │   ├─┬ minimatch@3.0.0
60 silly idealTree │ │ │   │ └─┬ brace-expansion@1.1.2
60 silly idealTree │ │ │   │   ├── balanced-match@0.3.0
60 silly idealTree │ │ │   │   └── concat-map@0.0.1
60 silly idealTree │ │ │   ├─┬ once@1.3.3
60 silly idealTree │ │ │   │ └── wrappy@1.0.1
60 silly idealTree │ │ │   └── path-is-absolute@1.0.0
60 silly idealTree │ │ ├── semver@5.1.0
60 silly idealTree │ │ ├── sntp@1.0.9
60 silly idealTree │ │ ├── sshpk@1.7.3
60 silly idealTree │ │ ├── string_decoder@0.10.31
60 silly idealTree │ │ ├── stringstream@0.0.5
60 silly idealTree │ │ ├── strip-ansi@3.0.0
60 silly idealTree │ │ ├── strip-json-comments@1.0.4
60 silly idealTree │ │ ├── supports-color@2.0.0
60 silly idealTree │ │ ├── tar-pack@3.1.3
60 silly idealTree │ │ ├── tar@2.2.1
60 silly idealTree │ │ ├── tough-cookie@2.2.1
60 silly idealTree │ │ ├── tunnel-agent@0.4.2
60 silly idealTree │ │ ├── tweetnacl@0.13.3
60 silly idealTree │ │ ├── uid-number@0.0.6
60 silly idealTree │ │ ├── util-deprecate@1.0.2
60 silly idealTree │ │ ├── verror@1.3.6
60 silly idealTree │ │ ├── wrappy@1.0.1
60 silly idealTree │ │ └── xtend@4.0.1
60 silly idealTree │ ├── generate-function@2.0.0
60 silly idealTree │ ├── generate-object-property@1.2.0
60 silly idealTree │ ├── get-stdin@4.0.1
60 silly idealTree │ ├── glob-base@0.3.0
60 silly idealTree │ ├── glob-parent@2.0.0
60 silly idealTree │ ├── glob@5.0.15
60 silly idealTree │ ├── globals@8.18.0
60 silly idealTree │ ├── graceful-fs@4.1.3
60 silly idealTree │ ├── graceful-readlink@1.0.1
60 silly idealTree │ ├── har-validator@2.0.6
60 silly idealTree │ ├── has-ansi@2.0.0
60 silly idealTree │ ├── hawk@3.1.3
60 silly idealTree │ ├── hoek@2.16.3
60 silly idealTree │ ├── home-or-tmp@1.0.0
60 silly idealTree │ ├── hosted-git-info@2.1.4
60 silly idealTree │ ├── http-signature@1.1.1
60 silly idealTree │ ├─┬ indent-string@2.1.0
60 silly idealTree │ │ └── repeating@2.0.0
60 silly idealTree │ ├── inflight@1.0.4
60 silly idealTree │ ├── inherits@2.0.1
60 silly idealTree │ ├── invariant@2.2.1
60 silly idealTree │ ├── is-arrayish@0.2.1
60 silly idealTree │ ├── is-binary-path@1.0.1
60 silly idealTree │ ├── is-buffer@1.1.3
60 silly idealTree │ ├── is-builtin-module@1.0.0
60 silly idealTree │ ├── is-dotfile@1.0.2
60 silly idealTree │ ├── is-equal-shallow@0.1.3
60 silly idealTree │ ├── is-extendable@0.1.1
60 silly idealTree │ ├── is-extglob@1.0.0
60 silly idealTree │ ├── is-finite@1.0.1
60 silly idealTree │ ├── is-glob@2.0.1
60 silly idealTree │ ├── is-integer@1.0.6
60 silly idealTree │ ├── is-my-json-valid@2.13.1
60 silly idealTree │ ├── is-number@2.1.0
60 silly idealTree │ ├── is-primitive@2.0.0
60 silly idealTree │ ├── is-property@1.0.2
60 silly idealTree │ ├── is-typedarray@1.0.0
60 silly idealTree │ ├── is-utf8@0.2.1
60 silly idealTree │ ├── isarray@0.0.1
60 silly idealTree │ ├── isobject@2.0.0
60 silly idealTree │ ├── isstream@0.1.2
60 silly idealTree │ ├── jodid25519@1.0.2
60 silly idealTree │ ├── js-tokens@1.0.2
60 silly idealTree │ ├── jsbn@0.1.0
60 silly idealTree │ ├── jsesc@0.5.0
60 silly idealTree │ ├── json-schema@0.2.2
60 silly idealTree │ ├── json-stringify-safe@5.0.1
60 silly idealTree │ ├── json5@0.4.0
60 silly idealTree │ ├── jsonpointer@2.0.0
60 silly idealTree │ ├── jsprim@1.2.2
60 silly idealTree │ ├── kind-of@3.0.2
60 silly idealTree │ ├── left-pad@0.0.3
60 silly idealTree │ ├── line-numbers@0.2.0
60 silly idealTree │ ├── load-json-file@1.1.0
60 silly idealTree │ ├── lodash@3.10.1
60 silly idealTree │ ├── log-symbols@1.0.2
60 silly idealTree │ ├── loose-envify@1.1.0
60 silly idealTree │ ├── loud-rejection@1.3.0
60 silly idealTree │ ├── lru-cache@4.0.0
60 silly idealTree │ ├── map-obj@1.0.1
60 silly idealTree │ ├── meow@3.7.0
60 silly idealTree │ ├── micromatch@2.3.7
60 silly idealTree │ ├── mime-db@1.22.0
60 silly idealTree │ ├── mime-types@2.1.10
60 silly idealTree │ ├── minimatch@2.0.10
60 silly idealTree │ ├── minimist@1.2.0
60 silly idealTree │ ├─┬ mkdirp@0.5.1
60 silly idealTree │ │ └── minimist@0.0.8
60 silly idealTree │ ├── ms@0.7.1
60 silly idealTree │ ├── nan@2.2.0
60 silly idealTree │ ├── node-uuid@1.4.7
60 silly idealTree │ ├── normalize-package-data@2.3.5
60 silly idealTree │ ├── normalize-path@2.0.1
60 silly idealTree │ ├── number-is-nan@1.0.0
60 silly idealTree │ ├── oauth-sign@0.8.1
60 silly idealTree │ ├── object-assign@4.0.1
60 silly idealTree │ ├── object.omit@2.0.0
60 silly idealTree │ ├── once@1.3.3
60 silly idealTree │ ├── os-tmpdir@1.0.1
60 silly idealTree │ ├── output-file-sync@1.1.1
60 silly idealTree │ ├── parse-glob@3.0.4
60 silly idealTree │ ├── parse-json@2.2.0
60 silly idealTree │ ├── path-exists@1.0.0
60 silly idealTree │ ├── path-is-absolute@1.0.0
60 silly idealTree │ ├── path-type@1.1.0
60 silly idealTree │ ├── pify@2.3.0
60 silly idealTree │ ├── pinkie-promise@2.0.0
60 silly idealTree │ ├── pinkie@2.0.4
60 silly idealTree │ ├── preserve@0.2.0
60 silly idealTree │ ├── private@0.1.6
60 silly idealTree │ ├── process-nextick-args@1.0.6
60 silly idealTree │ ├── pseudomap@1.0.2
60 silly idealTree │ ├── qs@6.0.2
60 silly idealTree │ ├── randomatic@1.1.5
60 silly idealTree │ ├── read-pkg-up@1.0.1
60 silly idealTree │ ├── read-pkg@1.1.0
60 silly idealTree │ ├─┬ readable-stream@2.0.6
60 silly idealTree │ │ └── isarray@1.0.0
60 silly idealTree │ ├── readdirp@2.0.0
60 silly idealTree │ ├── redent@1.0.0
60 silly idealTree │ ├── regenerate@1.2.1
60 silly idealTree │ ├── regex-cache@0.4.2
60 silly idealTree │ ├── regexpu-core@1.0.0
60 silly idealTree │ ├── regjsgen@0.2.0
60 silly idealTree │ ├── regjsparser@0.1.5
60 silly idealTree │ ├── repeat-element@1.1.2
60 silly idealTree │ ├── repeat-string@1.5.4
60 silly idealTree │ ├── repeating@1.1.3
60 silly idealTree │ ├── request@2.69.0
60 silly idealTree │ ├─┬ rollup@0.24.1
60 silly idealTree │ │ ├── source-map-support@0.3.3
60 silly idealTree │ │ └── source-map@0.1.32
60 silly idealTree │ ├── semver-regex@1.0.0
60 silly idealTree │ ├─┬ semver-truncate@1.1.0
60 silly idealTree │ │ └── semver@5.1.0
60 silly idealTree │ ├── semver@4.3.6
60 silly idealTree │ ├── shebang-regex@1.0.0
60 silly idealTree │ ├── signal-exit@2.1.2
60 silly idealTree │ ├── slash@1.0.0
60 silly idealTree │ ├── sntp@1.0.9
60 silly idealTree │ ├─┬ source-map-support@0.2.10
60 silly idealTree │ │ └── source-map@0.1.32
60 silly idealTree │ ├── source-map@0.5.3
60 silly idealTree │ ├── spdx-correct@1.0.2
60 silly idealTree │ ├── spdx-exceptions@1.0.4
60 silly idealTree │ ├── spdx-expression-parse@1.0.2
60 silly idealTree │ ├── spdx-license-ids@1.2.0
60 silly idealTree │ ├── sshpk@1.7.4
60 silly idealTree │ ├── string_decoder@0.10.31
60 silly idealTree │ ├── stringstream@0.0.5
60 silly idealTree │ ├── strip-ansi@3.0.1
60 silly idealTree │ ├── strip-bom@2.0.0
60 silly idealTree │ ├── strip-indent@1.0.1
60 silly idealTree │ ├── supports-color@2.0.0
60 silly idealTree │ ├── to-fast-properties@1.0.1
60 silly idealTree │ ├── tough-cookie@2.2.2
60 silly idealTree │ ├── trim-newlines@1.0.0
60 silly idealTree │ ├── trim-right@1.0.1
60 silly idealTree │ ├── tunnel-agent@0.4.2
60 silly idealTree │ ├── tweetnacl@0.14.1
60 silly idealTree │ ├── user-home@1.1.1
60 silly idealTree │ ├── util-deprecate@1.0.2
60 silly idealTree │ ├── v8flags@2.0.11
60 silly idealTree │ ├── validate-npm-package-license@3.0.1
60 silly idealTree │ ├── verror@1.3.6
60 silly idealTree │ ├── wrappy@1.0.1
60 silly idealTree │ ├── xtend@4.0.1
60 silly idealTree │ └── yallist@2.0.0
60 silly idealTree └── underscore@1.8.3
61 silly generateActionsToTake Starting
62 silly install generateActionsToTake
63 silly rollbackFailedOptional Starting
64 silly rollbackFailedOptional Finishing
65 silly runTopLevelLifecycles Starting
66 silly runTopLevelLifecycles Finishing
67 silly install printInstalled
68 verbose stack Error: Appears to be a git repo or submodule.
68 verbose stack     at /usr/local/lib/node_modules/npm/node_modules/npm-install-checks/index.js:138:15
68 verbose stack     at FSReqWrap.oncomplete (fs.js:82:15)
69 verbose cwd /Users/jakubkanitra/Documents/ocularis/app/lib/sandbox
70 error Darwin 14.5.0
71 error argv "/usr/local/bin/node" "/usr/local/bin/npm" "install" "--save" "ocularis-cube"
72 error node v4.1.2
73 error npm  v3.4.0
74 error path /Users/jakubkanitra/Documents/ocularis/app/lib/sandbox/node_modules/ocularis-pane
75 error code EISGIT
76 error git Appears to be a git repo or submodule.
76 error git     /Users/jakubkanitra/Documents/ocularis/app/lib/sandbox/node_modules/ocularis-pane
76 error git Refusing to remove it. Update manually,
76 error git or move it out of the way first.
77 verbose exit [ 1, true ]
